<?xml version="1.0" encoding="UTF-8"?>
<!-- Generated by org.testng.reporters.JUnitXMLReporter -->
<testsuite ignored="5" hostname="LAPTOP-N3G6APIF" failures="0" tests="0" time="0.014" errors="0" timestamp="2025-04-09T16:56:04 IST">
  <testcase classname="vtiger.CreateProductTest" name="createProduct" time="0.0">
    <ignored/>
  </testcase> <!-- createProduct -->
  <testcase classname="vtiger.CreateProductWithDeleteVerificationTest" name="createProductWithDeleteVerification" time="0.0">
    <ignored/>
  </testcase> <!-- createProductWithDeleteVerification -->
  <testcase classname="vtiger.CreateCampaignTest" name="createCampaign" time="0.0">
    <ignored/>
  </testcase> <!-- createCampaign -->
  <testcase classname="vtiger.CreateOrganisationTest" name="createOrganisation" time="0.0">
    <ignored/>
  </testcase> <!-- createOrganisation -->
  <testcase classname="vtiger.DeleteProductTest" name="deleteProduct" time="0.0">
    <ignored/>
  </testcase> <!-- deleteProduct -->
</testsuite>
